<?xml version="1.0" encoding="UTF-8"?>
<!-- Generated by org.testng.reporters.JUnitXMLReporter -->
<testsuite ignored="1" hostname="DESKTOP-RAKD7RH" failures="0" tests="3" name="Test" time="0.087" errors="0" timestamp="2022-11-11T23:08:41 IST">
  <testcase classname="org.com.testing.Exclude_Include" name="test1" time="0.015"/>
  <testcase classname="org.com.testing.Exclude_Include" name="test3" time="0.002"/>
  <testcase classname="org.com.testing.Exclude_Include" name="test4" time="0.001"/>
  <testcase classname="org.com.testing.Exclude_Include" name="test2" time="0.0">
    <ignored/>
  </testcase> <!-- test2 -->
</testsuite> <!-- Test -->
