<?xml version="1.0" encoding="UTF-8"?>
<testng-results ignored="0" total="1" passed="1" failed="0" skipped="0">
  <reporter-output>
  </reporter-output>
  <suite started-at="2022-11-28T10:19:31 IST" name="Default suite" finished-at="2022-11-28T10:19:31 IST" duration-ms="90">
    <groups>
    </groups>
    <test started-at="2022-11-28T10:19:31 IST" name="Default test" finished-at="2022-11-28T10:19:31 IST" duration-ms="90">
      <class name="org.com.testing.AssertTest">
        <test-method signature="testa()[pri:0, instance:org.com.testing.AssertTest@120f102b]" started-at="2022-11-28T10:19:31 IST" name="testa" finished-at="2022-11-28T10:19:31 IST" duration-ms="18" status="PASS">
          <reporter-output>
          </reporter-output>
        </test-method> <!-- testa -->
      </class> <!-- org.com.testing.AssertTest -->
    </test> <!-- Default test -->
  </suite> <!-- Default suite -->
</testng-results>
